<?xml version="1.0" encoding="UTF-8"?>
<testsuite name="MyFirstTest" tests="1" skipped="0" failures="0" errors="0" timestamp="2020-04-21T12:26:23" hostname="Victorias-MacBook-Air.local" time="116.578">
  <properties/>
  <testcase name="checkShipping" classname="MyFirstTest" time="116.578"/>
  <system-out><![CDATA[Denmark
Finland
Greece
Sweden
Singapore (English)
대한민국 (한국어)
中国大陆 (简体中文)
香港特別行政區 (繁體中文)
香港特別行政區 (繁體中文)
International (English)
Internacional (Español)
]]></system-out>
  <system-err><![CDATA[SLF4J: Failed to load class "org.slf4j.impl.StaticLoggerBinder".
SLF4J: Defaulting to no-operation (NOP) logger implementation
SLF4J: See http://www.slf4j.org/codes.html#StaticLoggerBinder for further details.
Starting ChromeDriver 80.0.3987.106 (f68069574609230cf9b635cd784cfb1bf81bb53a-refs/branch-heads/3987@{#882}) on port 42367
Only local connections are allowed.
Please protect ports used by ChromeDriver and related test frameworks to prevent access by malicious code.
Apr 21, 2020 3:26:26 PM org.openqa.selenium.remote.ProtocolHandshake createSession
INFO: Detected dialect: W3C
[1587471988.335][SEVERE]: Timed out receiving message from renderer: 0.100
[1587471988.437][SEVERE]: Timed out receiving message from renderer: 0.100
[1587471988.539][SEVERE]: Timed out receiving message from renderer: 0.100
[1587471988.640][SEVERE]: Timed out receiving message from renderer: 0.100
]]></system-err>
</testsuite>
